<?xml version="1.0" encoding="UTF-8"?>
<!-- Generated by org.testng.reporters.JUnitReportReporter -->
<testsuite hostname="myWorkstation" failures="0" tests="1" name="ClinisysReasearchAndDevelopment.Tests.ErrorValidationsTest" time="4.190" errors="0" timestamp="2025-01-29T08:33:57 IST" skipped="0">
  <testcase classname="ClinisysReasearchAndDevelopment.Tests.ErrorValidationsTest" name="submitOrder" time="4.190"/>
</testsuite> <!-- ClinisysReasearchAndDevelopment.Tests.ErrorValidationsTest -->
