<?xml version="1.0" encoding="UTF-8"?>
<!-- Generated by org.testng.reporters.JUnitReportReporter -->
<testsuite hostname="myWorkstation" failures="0" tests="1" name="ClinisysReasearchAndDevelopment.Tests.ErrorValidationsTest" time="7.021" errors="0" timestamp="2025-03-04T11:07:27 IST" skipped="0">
  <testcase classname="ClinisysReasearchAndDevelopment.Tests.ErrorValidationsTest" name="incorrectProductNameError" time="7.021"/>
</testsuite> <!-- ClinisysReasearchAndDevelopment.Tests.ErrorValidationsTest -->
