<?xml version="1.0" encoding="UTF-8"?>
<!-- Generated by org.testng.reporters.JUnitReportReporter -->
<testsuite hostname="myWorkstation" failures="0" tests="1" name="Cucumber.TestNGTestRunner" time="8.604" errors="0" timestamp="2025-02-17T15:10:53 IST" skipped="0">
  <testcase classname="Cucumber.TestNGTestRunner" name="runScenario" time="8.604"/>
</testsuite> <!-- Cucumber.TestNGTestRunner -->
