<?xml version="1.0" encoding="UTF-8"?>
<!-- Generated by org.testng.reporters.JUnitReportReporter -->
<testsuite hostname="myWorkstation" failures="0" tests="1" name="ClinisysReasearchAndDevelopment.Tests.SubmitOrderTest" time="11.454" errors="0" timestamp="2025-01-29T08:16:04 IST" skipped="0">
  <testcase classname="ClinisysReasearchAndDevelopment.Tests.SubmitOrderTest" name="submitOrder" time="11.454"/>
</testsuite> <!-- ClinisysReasearchAndDevelopment.Tests.SubmitOrderTest -->
