<?xml version="1.0" encoding="UTF-8"?>
<!-- Generated by org.testng.reporters.JUnitReportReporter -->
<testsuite hostname="myWorkstation" failures="0" tests="2" name="ClinisysReasearchAndDevelopment.Tests.SubmitOrderTest" time="13.437" errors="0" timestamp="2025-03-04T10:59:58 IST" skipped="0">
  <testcase classname="ClinisysReasearchAndDevelopment.Tests.SubmitOrderTest" name="submitOrder" time="7.576"/>
  <testcase classname="ClinisysReasearchAndDevelopment.Tests.SubmitOrderTest" name="submitOrder" time="5.861"/>
</testsuite> <!-- ClinisysReasearchAndDevelopment.Tests.SubmitOrderTest -->
