<?xml version="1.0" encoding="UTF-8"?>
<!-- Generated by org.testng.reporters.JUnitReportReporter -->
<testsuite hostname="myWorkstation" failures="0" tests="3" name="ClinisysReasearchAndDevelopment.Tests.SubmitOrderTest" time="15.306" errors="0" timestamp="2025-03-04T11:09:13 IST" skipped="0">
  <testcase classname="ClinisysReasearchAndDevelopment.Tests.SubmitOrderTest" name="verifyProductPresence" time="3.373"/>
  <testcase classname="ClinisysReasearchAndDevelopment.Tests.SubmitOrderTest" name="submitOrder" time="5.841"/>
  <testcase classname="ClinisysReasearchAndDevelopment.Tests.SubmitOrderTest" name="submitOrder" time="6.092"/>
</testsuite> <!-- ClinisysReasearchAndDevelopment.Tests.SubmitOrderTest -->
