<?xml version="1.0" encoding="UTF-8"?>
<!-- Generated by org.testng.reporters.JUnitReportReporter -->
<testsuite hostname="myWorkstation" failures="0" tests="1" name="Cucumber.TestNGTestRunner" time="7.626" errors="0" timestamp="2025-03-04T11:09:40 IST" skipped="0">
  <testcase classname="Cucumber.TestNGTestRunner" name="runScenario" time="7.626"/>
</testsuite> <!-- Cucumber.TestNGTestRunner -->
