<?xml version="1.0" encoding="UTF-8"?>
<!-- Generated by org.testng.reporters.JUnitReportReporter -->
<testsuite hostname="myWorkstation" failures="0" tests="2" name="ClinisysReasearchAndDevelopment.Tests.ErrorValidationsTest" time="8.818" errors="0" timestamp="2025-03-04T11:09:13 IST" skipped="0">
  <testcase classname="ClinisysReasearchAndDevelopment.Tests.ErrorValidationsTest" name="incorrectProductNameError" time="6.201"/>
  <testcase classname="ClinisysReasearchAndDevelopment.Tests.ErrorValidationsTest" name="loginError" time="2.617"/>
</testsuite> <!-- ClinisysReasearchAndDevelopment.Tests.ErrorValidationsTest -->
